<?xml version="1.0" encoding="UTF-8"?>
<testsuite name="MaskingTest" tests="1" skipped="0" failures="0" errors="0" timestamp="2022-05-29T08:20:33" hostname="baggyeongseon-ui-MacBookPro.local" time="0.042">
  <properties/>
  <testcase name="makingV2()" classname="MaskingTest" time="0.042"/>
  <system-out><![CDATA[홍길동 → 홍*동
서 도윤 → 서**윤
동욱 → 동*
현 → *
제갈지유 → 제**유
Hugh Grant → H*** Grant
Julia Fiona Roberts → J********** Roberts
Robert → R****t
]]></system-out>
  <system-err><![CDATA[]]></system-err>
</testsuite>
