<?xml version="1.0" encoding="UTF-8"?>
<testsuite name="Avatar Class" tests="1" skipped="0" failures="0" errors="0" timestamp="2023-04-19T13:31:12" hostname="baggyeongseon-ui-MacBookPro.local" time="0.023">
  <properties/>
  <testcase name="not_discounted_cost()" classname="com.gngsn.chapter2.v2.Chapter2Tests$Avatar" time="0.023"/>
  <system-out><![CDATA[]]></system-out>
  <system-err><![CDATA[]]></system-err>
</testsuite>
